2021-01-28 18:16:40,359 - APP - INFO - com.gsd.sreenidhi.automation.config.Configurator:Attempting to load configurations
2021-01-28 18:16:40,363 - APP - INFO - com.gsd.sreenidhi.utils.FileUtils:Configuration file identified: resources/conf/dbconfig.xml
2021-01-28 18:16:40,363 - APP - INFO - com.gsd.sreenidhi.automation.config.Configurator:Loading configuration: resources/conf/dbconfig.xml
2021-01-28 18:16:42,136 - APP - INFO - com.gsd.sreenidhi.utils.FileUtils:Configuration file identified: resources/conf/drivers.xml
2021-01-28 18:16:42,136 - APP - INFO - com.gsd.sreenidhi.automation.config.Configurator:Loading configuration: resources/conf/drivers.xml
2021-01-28 18:16:42,144 - APP - INFO - com.gsd.sreenidhi.utils.FileUtils:Configuration file identified: resources/conf/mailer.xml
2021-01-28 18:16:42,144 - APP - INFO - com.gsd.sreenidhi.automation.config.Configurator:Loading configuration: resources/conf/mailer.xml
2021-01-28 18:16:42,149 - APP - INFO - com.gsd.sreenidhi.utils.FileUtils:Configuration file identified: resources/conf/proxy.xml
2021-01-28 18:16:42,150 - APP - INFO - com.gsd.sreenidhi.automation.config.Configurator:Loading configuration: resources/conf/proxy.xml
2021-01-28 18:16:42,155 - APP - INFO - com.gsd.sreenidhi.utils.FileUtils:Configuration file identified: resources/conf/execution_conf.xml
2021-01-28 18:16:42,155 - APP - INFO - com.gsd.sreenidhi.automation.config.Configurator:Loading configuration: resources/conf/execution_conf.xml
2021-01-28 18:16:42,163 - APP - INFO - com.gsd.sreenidhi.cheetah.database.DBInitializer:Initialize DB Connections
2021-01-28 18:16:42,164 - APP - INFO - DBInitializer:Database usage Disabled... :( 
2021-01-28 18:16:42,164 - APP - INFO - CheetahEngine:Loading Properties file..
2021-01-28 18:16:42,165 - APP - INFO - com.gsd.sreenidhi.utils.FileUtils:Loading property: resources/properties/application.properties - -1913886438
2021-01-28 18:16:42,165 - APP - INFO - com.gsd.sreenidhi.utils.FileUtils:Properties file loaded successfully
2021-01-28 18:16:42,166 - APP - INFO - CheetahEngine:Properties file loaded successfully.
2021-01-28 18:16:42,166 - APP - INFO - CheetahEngine:Properties have been successfully sanitized.
2021-01-28 18:16:42,166 - APP - INFO - CucumberRunnerTest:Suite Start
2021-01-28 18:16:42,168 - APP - INFO - CucumberRunnerTest:Transaction ID: f6f8e974-54f9-4560-86b5-ca438a6f76ba
2021-01-28 18:16:42,184 - APP - INFO - CucumberRunnerTest:Transaction Timestamp: Thu Jan 28 18:16:40 IST 2021
2021-01-28 18:16:42,186 - APP - INFO - CheetahEngine:***** Cheetah Supports Video Capture split by test case... ***** 
2021-01-28 18:16:42,186 - APP - INFO - CheetahEngine:***** Validating user settings for Split video ***** 
2021-01-28 18:16:42,186 - APP - INFO - CheetahEngine:***** Video Capture will be split by test case... ***** 
2021-01-28 18:16:42,945 - APP - INFO - class com.gsd.sreenidhi.cheetah.reporting.csv.CSVReportingEngine:Writing Report to CSV File: sampleStructure_01282021_061642.csv
2021-01-28 18:16:42,947 - APP - INFO - com.gsd.sreenidhi.utils.CSVUtil:Creating Report Directories: C:/sreenidhi/logs/Reports/CSV/sampleStructure/Transactions
2021-01-28 18:16:42,948 - APP - INFO - com.gsd.sreenidhi.utils.CSVUtil:Creating CSV File: C:/sreenidhi/logs/Reports/CSV/sampleStructure/Transactions/sampleStructure_01282021_061642.csv
2021-01-28 18:16:42,949 - APP - INFO - class com.gsd.sreenidhi.cheetah.reporting.csv.CSVReportingEngine:Reporting Bean Count: 0
2021-01-28 18:16:42,951 - APP - INFO - com.gsd.sreenidhi.utils.CSVUtil:Creating CSV File: C:/sreenidhi/logs/Reports/CSV/sampleStructure/sampleStructure_suite.csv
2021-01-28 18:16:42,953 - APP - INFO - class com.gsd.sreenidhi.cheetah.reporting.csv.CSVReportingEngine:Writing Suite Results to CSV File: C:/sreenidhi/logs/Reports/CSV/sampleStructure/sampleStructure_suite.csv
2021-01-28 18:16:42,955 - APP - INFO - com.gsd.sreenidhi.utils.CSVUtil:Creating CSV File: C:/sreenidhi/logs/Reports/central.csv
2021-01-28 18:16:42,956 - APP - INFO - com.gsd.sreenidhi.utils.CSVUtil:Creating CSV File: C:/sreenidhi/logs/Reports/central_new.csv
2021-01-28 18:16:42,957 - APP - INFO - class com.gsd.sreenidhi.cheetah.reporting.csv.CSVReportingEngine:Writing Suite Results to CSV File: C:/sreenidhi/logs/Reports/central.csv
2021-01-28 18:16:42,961 - APP - INFO - com.gsd.sreenidhi.utils.CSVUtil:Creating Report Directories: C:/sreenidhi/logs/Reports/TransactionHistory/2021
2021-01-28 18:16:42,963 - APP - INFO - com.gsd.sreenidhi.utils.CSVUtil:Creating CSV File: C:/sreenidhi/logs/Reports/TransactionHistory/2021/testSuite_01252021.csv
2021-01-28 18:16:42,964 - APP - INFO - class com.gsd.sreenidhi.cheetah.reporting.csv.CSVReportingEngine:Writing Suite Results to CSV File: C:/sreenidhi/logs/Reports/TransactionHistory/2021/testSuite_01252021.csv
2021-01-28 18:16:42,973 - APP - INFO - com.gsd.sreenidhi.cheetah.reporting.pdf.PDFReportingEngine:Initializing PDF Reporting Enging
2021-01-28 18:16:42,975 - APP - INFO - class com.gsd.sreenidhi.cheetah.reporting.pdf.PDFReportingEngine:Writing Report to pdf File: sampleStructure_01282021_061642.pdf
2021-01-28 18:16:43,053 - APP - INFO - com.gsd.sreenidhi.utils.FileUtils:Creating Report Directories: C:/sreenidhi/logs/Reports/PDF/sampleStructure
2021-01-28 18:16:43,054 - APP - INFO - com.gsd.sreenidhi.utils.CSVUtil:Creating PDF File: C:/sreenidhi/logs/Reports/PDF/sampleStructure/sampleStructure_01282021_061642.pdf
2021-01-28 18:16:43,251 - APP - INFO - com.gsd.sreenidhi.cheetah.reporting.pdf.PDFReportingEngine:Generating Title
2021-01-28 18:16:43,303 - APP - INFO - com.gsd.sreenidhi.cheetah.reporting.pdf.PDFReportingEngine:Generating Summary
2021-01-28 18:16:43,309 - APP - INFO - com.gsd.sreenidhi.cheetah.reporting.pdf.PDFReportingEngine:Generating Data
2021-01-28 18:16:43,433 - APP - INFO - Chart:Image saved to location: ./target/summary
2021-01-28 18:16:45,566 - APP - INFO - Chart:Converting Image to Byte
2021-01-28 18:16:45,623 - APP - INFO - com.gsd.sreenidhi.cheetah.reporting.pdf.PDFReportingEngine:Generating Data
2021-01-28 18:16:45,624 - APP - INFO - com.gsd.sreenidhi.cheetah.reporting.pdf.PDFReportingEngine:Finalizing Report
2021-01-28 18:16:45,627 - APP - INFO - com.gsd.sreenidhi.cheetah.reporting.pdf.PDFReportingEngine:Finalizing Report
2021-01-28 18:16:45,628 - APP - INFO - com.gsd.sreenidhi.cheetah.reporting.pdf.PDFReportingEngine:Writing Content to PDF File
2021-01-28 18:16:48,641 - APP - INFO - com.gsd.sreenidhi.cheetah.reporting.pdf.PDFReportingEngine:PDF Report Generated Successfully
2021-01-28 18:16:48,694 - APP - ERROR - Exception: EOF reached prematurely
line: 1, col: 1

Original Exception: 
		com.cedarsoftware.util.io.JsonParser.error(JsonParser.java:525)
		com.cedarsoftware.util.io.JsonParser.readValue(JsonParser.java:275)
		com.cedarsoftware.util.io.JsonReader.readObject(JsonReader.java:674)
		com.github.mkolisnyk.cucumber.reporting.interfaces.CucumberResultsCommon.readFileContent(CucumberResultsCommon.java:169)
		com.github.mkolisnyk.cucumber.reporting.interfaces.AggregatedReport.readFileContent(AggregatedReport.java:39)
		com.github.mkolisnyk.cucumber.reporting.interfaces.AggregatedReport.readFileContent(AggregatedReport.java:51)
		com.github.mkolisnyk.cucumber.reporting.interfaces.AggregatedReport.readFileContent(AggregatedReport.java:45)
		com.github.mkolisnyk.cucumber.reporting.CucumberDetailedResults.execute(CucumberDetailedResults.java:171)
		com.github.mkolisnyk.cucumber.reporting.CucumberDetailedResults.execute(CucumberDetailedResults.java:132)
		com.github.mkolisnyk.cucumber.reporting.interfaces.AggregatedReport.execute(AggregatedReport.java:21)
		com.gsd.sreenidhi.cheetah.reporting.html.HTMLReportingEngine.generateReport(HTMLReportingEngine.java:44)
		connector.CucumberRunnerTest.processReports(CucumberRunnerTest.java:395)
		connector.CucumberRunnerTest.tearDown(CucumberRunnerTest.java:204)
		java.base/jdk.internal.reflect.NativeMethodAccessorImpl.invoke0(Native Method)
		java.base/jdk.internal.reflect.NativeMethodAccessorImpl.invoke(NativeMethodAccessorImpl.java:64)
		java.base/jdk.internal.reflect.DelegatingMethodAccessorImpl.invoke(DelegatingMethodAccessorImpl.java:43)
		java.base/java.lang.reflect.Method.invoke(Method.java:564)
		org.testng.internal.MethodInvocationHelper.invokeMethod(MethodInvocationHelper.java:134)
		org.testng.internal.MethodInvocationHelper.invokeMethodConsideringTimeout(MethodInvocationHelper.java:63)
		org.testng.internal.ConfigInvoker.invokeConfigurationMethod(ConfigInvoker.java:348)
		org.testng.internal.ConfigInvoker.invokeConfigurations(ConfigInvoker.java:302)
		org.testng.SuiteRunner.privateRun(SuiteRunner.java:351)
		org.testng.SuiteRunner.run(SuiteRunner.java:286)
		org.testng.SuiteRunnerWorker.runSuite(SuiteRunnerWorker.java:53)
		org.testng.SuiteRunnerWorker.run(SuiteRunnerWorker.java:96)
		org.testng.TestNG.runSuitesSequentially(TestNG.java:1187)
		org.testng.TestNG.runSuitesLocally(TestNG.java:1109)
		org.testng.TestNG.runSuites(TestNG.java:1039)
		org.testng.TestNG.run(TestNG.java:1007)
		org.apache.maven.surefire.testng.TestNGExecutor.run(TestNGExecutor.java:135)
		org.apache.maven.surefire.testng.TestNGDirectoryTestSuite.executeSingleClass(TestNGDirectoryTestSuite.java:112)
		org.apache.maven.surefire.testng.TestNGDirectoryTestSuite.execute(TestNGDirectoryTestSuite.java:99)
		org.apache.maven.surefire.testng.TestNGProvider.invoke(TestNGProvider.java:146)
		org.apache.maven.surefire.booter.ForkedBooter.invokeProviderInSameClassLoader(ForkedBooter.java:384)
		org.apache.maven.surefire.booter.ForkedBooter.runSuitesInProcess(ForkedBooter.java:345)
		org.apache.maven.surefire.booter.ForkedBooter.execute(ForkedBooter.java:126)
		org.apache.maven.surefire.booter.ForkedBooter.main(ForkedBooter.java:418)

2021-01-28 18:16:48,703 - APP - ERROR - HTMLReportingEngine:Exception: EOF reached prematurely
line: 1, col: 1

Original Exception: 
		com.cedarsoftware.util.io.JsonParser.error(JsonParser.java:525)
		com.cedarsoftware.util.io.JsonParser.readValue(JsonParser.java:275)
		com.cedarsoftware.util.io.JsonReader.readObject(JsonReader.java:674)
		com.github.mkolisnyk.cucumber.reporting.interfaces.CucumberResultsCommon.readFileContent(CucumberResultsCommon.java:169)
		com.github.mkolisnyk.cucumber.reporting.interfaces.AggregatedReport.readFileContent(AggregatedReport.java:39)
		com.github.mkolisnyk.cucumber.reporting.interfaces.AggregatedReport.readFileContent(AggregatedReport.java:51)
		com.github.mkolisnyk.cucumber.reporting.interfaces.AggregatedReport.readFileContent(AggregatedReport.java:45)
		com.github.mkolisnyk.cucumber.reporting.CucumberDetailedResults.execute(CucumberDetailedResults.java:171)
		com.github.mkolisnyk.cucumber.reporting.CucumberDetailedResults.execute(CucumberDetailedResults.java:132)
		com.github.mkolisnyk.cucumber.reporting.interfaces.AggregatedReport.execute(AggregatedReport.java:21)
		com.gsd.sreenidhi.cheetah.reporting.html.HTMLReportingEngine.generateReport(HTMLReportingEngine.java:44)
		connector.CucumberRunnerTest.processReports(CucumberRunnerTest.java:395)
		connector.CucumberRunnerTest.tearDown(CucumberRunnerTest.java:204)
		java.base/jdk.internal.reflect.NativeMethodAccessorImpl.invoke0(Native Method)
		java.base/jdk.internal.reflect.NativeMethodAccessorImpl.invoke(NativeMethodAccessorImpl.java:64)
		java.base/jdk.internal.reflect.DelegatingMethodAccessorImpl.invoke(DelegatingMethodAccessorImpl.java:43)
		java.base/java.lang.reflect.Method.invoke(Method.java:564)
		org.testng.internal.MethodInvocationHelper.invokeMethod(MethodInvocationHelper.java:134)
		org.testng.internal.MethodInvocationHelper.invokeMethodConsideringTimeout(MethodInvocationHelper.java:63)
		org.testng.internal.ConfigInvoker.invokeConfigurationMethod(ConfigInvoker.java:348)
		org.testng.internal.ConfigInvoker.invokeConfigurations(ConfigInvoker.java:302)
		org.testng.SuiteRunner.privateRun(SuiteRunner.java:351)
		org.testng.SuiteRunner.run(SuiteRunner.java:286)
		org.testng.SuiteRunnerWorker.runSuite(SuiteRunnerWorker.java:53)
		org.testng.SuiteRunnerWorker.run(SuiteRunnerWorker.java:96)
		org.testng.TestNG.runSuitesSequentially(TestNG.java:1187)
		org.testng.TestNG.runSuitesLocally(TestNG.java:1109)
		org.testng.TestNG.runSuites(TestNG.java:1039)
		org.testng.TestNG.run(TestNG.java:1007)
		org.apache.maven.surefire.testng.TestNGExecutor.run(TestNGExecutor.java:135)
		org.apache.maven.surefire.testng.TestNGDirectoryTestSuite.executeSingleClass(TestNGDirectoryTestSuite.java:112)
		org.apache.maven.surefire.testng.TestNGDirectoryTestSuite.execute(TestNGDirectoryTestSuite.java:99)
		org.apache.maven.surefire.testng.TestNGProvider.invoke(TestNGProvider.java:146)
		org.apache.maven.surefire.booter.ForkedBooter.invokeProviderInSameClassLoader(ForkedBooter.java:384)
		org.apache.maven.surefire.booter.ForkedBooter.runSuitesInProcess(ForkedBooter.java:345)
		org.apache.maven.surefire.booter.ForkedBooter.execute(ForkedBooter.java:126)
		org.apache.maven.surefire.booter.ForkedBooter.main(ForkedBooter.java:418)

com.cedarsoftware.util.io.JsonIoException: EOF reached prematurely
line: 1, col: 1

	at com.cedarsoftware.util.io.JsonParser.error(JsonParser.java:525)
	at com.cedarsoftware.util.io.JsonParser.readValue(JsonParser.java:275)
	at com.cedarsoftware.util.io.JsonReader.readObject(JsonReader.java:674)
	at com.github.mkolisnyk.cucumber.reporting.interfaces.CucumberResultsCommon.readFileContent(CucumberResultsCommon.java:169)
	at com.github.mkolisnyk.cucumber.reporting.interfaces.AggregatedReport.readFileContent(AggregatedReport.java:39)
	at com.github.mkolisnyk.cucumber.reporting.interfaces.AggregatedReport.readFileContent(AggregatedReport.java:51)
	at com.github.mkolisnyk.cucumber.reporting.interfaces.AggregatedReport.readFileContent(AggregatedReport.java:45)
	at com.github.mkolisnyk.cucumber.reporting.CucumberDetailedResults.execute(CucumberDetailedResults.java:171)
	at com.github.mkolisnyk.cucumber.reporting.CucumberDetailedResults.execute(CucumberDetailedResults.java:132)
	at com.github.mkolisnyk.cucumber.reporting.interfaces.AggregatedReport.execute(AggregatedReport.java:21)
	at com.gsd.sreenidhi.cheetah.reporting.html.HTMLReportingEngine.generateReport(HTMLReportingEngine.java:44)
	at connector.CucumberRunnerTest.processReports(CucumberRunnerTest.java:395)
	at connector.CucumberRunnerTest.tearDown(CucumberRunnerTest.java:204)
	at java.base/jdk.internal.reflect.NativeMethodAccessorImpl.invoke0(Native Method)
	at java.base/jdk.internal.reflect.NativeMethodAccessorImpl.invoke(NativeMethodAccessorImpl.java:64)
	at java.base/jdk.internal.reflect.DelegatingMethodAccessorImpl.invoke(DelegatingMethodAccessorImpl.java:43)
	at java.base/java.lang.reflect.Method.invoke(Method.java:564)
	at org.testng.internal.MethodInvocationHelper.invokeMethod(MethodInvocationHelper.java:134)
	at org.testng.internal.MethodInvocationHelper.invokeMethodConsideringTimeout(MethodInvocationHelper.java:63)
	at org.testng.internal.ConfigInvoker.invokeConfigurationMethod(ConfigInvoker.java:348)
	at org.testng.internal.ConfigInvoker.invokeConfigurations(ConfigInvoker.java:302)
	at org.testng.SuiteRunner.privateRun(SuiteRunner.java:351)
	at org.testng.SuiteRunner.run(SuiteRunner.java:286)
	at org.testng.SuiteRunnerWorker.runSuite(SuiteRunnerWorker.java:53)
	at org.testng.SuiteRunnerWorker.run(SuiteRunnerWorker.java:96)
	at org.testng.TestNG.runSuitesSequentially(TestNG.java:1187)
	at org.testng.TestNG.runSuitesLocally(TestNG.java:1109)
	at org.testng.TestNG.runSuites(TestNG.java:1039)
	at org.testng.TestNG.run(TestNG.java:1007)
	at org.apache.maven.surefire.testng.TestNGExecutor.run(TestNGExecutor.java:135)
	at org.apache.maven.surefire.testng.TestNGDirectoryTestSuite.executeSingleClass(TestNGDirectoryTestSuite.java:112)
	at org.apache.maven.surefire.testng.TestNGDirectoryTestSuite.execute(TestNGDirectoryTestSuite.java:99)
	at org.apache.maven.surefire.testng.TestNGProvider.invoke(TestNGProvider.java:146)
	at org.apache.maven.surefire.booter.ForkedBooter.invokeProviderInSameClassLoader(ForkedBooter.java:384)
	at org.apache.maven.surefire.booter.ForkedBooter.runSuitesInProcess(ForkedBooter.java:345)
	at org.apache.maven.surefire.booter.ForkedBooter.execute(ForkedBooter.java:126)
	at org.apache.maven.surefire.booter.ForkedBooter.main(ForkedBooter.java:418)
2021-01-28 18:16:48,748 - APP - ERROR - Exception: Error occured while generating Cucumber usage report
Original Exception: 
		com.github.mkolisnyk.cucumber.reporting.CucumberUsageReporting.executeReport(CucumberUsageReporting.java:362)
		com.github.mkolisnyk.cucumber.reporting.CucumberUsageReporting.execute(CucumberUsageReporting.java:402)
		com.github.mkolisnyk.cucumber.reporting.CucumberUsageReporting.execute(CucumberUsageReporting.java:396)
		com.gsd.sreenidhi.cheetah.reporting.html.HTMLReportingEngine.generateReport(HTMLReportingEngine.java:63)
		connector.CucumberRunnerTest.processReports(CucumberRunnerTest.java:395)
		connector.CucumberRunnerTest.tearDown(CucumberRunnerTest.java:204)
		java.base/jdk.internal.reflect.NativeMethodAccessorImpl.invoke0(Native Method)
		java.base/jdk.internal.reflect.NativeMethodAccessorImpl.invoke(NativeMethodAccessorImpl.java:64)
		java.base/jdk.internal.reflect.DelegatingMethodAccessorImpl.invoke(DelegatingMethodAccessorImpl.java:43)
		java.base/java.lang.reflect.Method.invoke(Method.java:564)
		org.testng.internal.MethodInvocationHelper.invokeMethod(MethodInvocationHelper.java:134)
		org.testng.internal.MethodInvocationHelper.invokeMethodConsideringTimeout(MethodInvocationHelper.java:63)
		org.testng.internal.ConfigInvoker.invokeConfigurationMethod(ConfigInvoker.java:348)
		org.testng.internal.ConfigInvoker.invokeConfigurations(ConfigInvoker.java:302)
		org.testng.SuiteRunner.privateRun(SuiteRunner.java:351)
		org.testng.SuiteRunner.run(SuiteRunner.java:286)
		org.testng.SuiteRunnerWorker.runSuite(SuiteRunnerWorker.java:53)
		org.testng.SuiteRunnerWorker.run(SuiteRunnerWorker.java:96)
		org.testng.TestNG.runSuitesSequentially(TestNG.java:1187)
		org.testng.TestNG.runSuitesLocally(TestNG.java:1109)
		org.testng.TestNG.runSuites(TestNG.java:1039)
		org.testng.TestNG.run(TestNG.java:1007)
		org.apache.maven.surefire.testng.TestNGExecutor.run(TestNGExecutor.java:135)
		org.apache.maven.surefire.testng.TestNGDirectoryTestSuite.executeSingleClass(TestNGDirectoryTestSuite.java:112)
		org.apache.maven.surefire.testng.TestNGDirectoryTestSuite.execute(TestNGDirectoryTestSuite.java:99)
		org.apache.maven.surefire.testng.TestNGProvider.invoke(TestNGProvider.java:146)
		org.apache.maven.surefire.booter.ForkedBooter.invokeProviderInSameClassLoader(ForkedBooter.java:384)
		org.apache.maven.surefire.booter.ForkedBooter.runSuitesInProcess(ForkedBooter.java:345)
		org.apache.maven.surefire.booter.ForkedBooter.execute(ForkedBooter.java:126)
		org.apache.maven.surefire.booter.ForkedBooter.main(ForkedBooter.java:418)

2021-01-28 18:16:48,751 - APP - ERROR - HTMLReportingEngine:Exception: Error occured while generating Cucumber usage report
Original Exception: 
		com.github.mkolisnyk.cucumber.reporting.CucumberUsageReporting.executeReport(CucumberUsageReporting.java:362)
		com.github.mkolisnyk.cucumber.reporting.CucumberUsageReporting.execute(CucumberUsageReporting.java:402)
		com.github.mkolisnyk.cucumber.reporting.CucumberUsageReporting.execute(CucumberUsageReporting.java:396)
		com.gsd.sreenidhi.cheetah.reporting.html.HTMLReportingEngine.generateReport(HTMLReportingEngine.java:63)
		connector.CucumberRunnerTest.processReports(CucumberRunnerTest.java:395)
		connector.CucumberRunnerTest.tearDown(CucumberRunnerTest.java:204)
		java.base/jdk.internal.reflect.NativeMethodAccessorImpl.invoke0(Native Method)
		java.base/jdk.internal.reflect.NativeMethodAccessorImpl.invoke(NativeMethodAccessorImpl.java:64)
		java.base/jdk.internal.reflect.DelegatingMethodAccessorImpl.invoke(DelegatingMethodAccessorImpl.java:43)
		java.base/java.lang.reflect.Method.invoke(Method.java:564)
		org.testng.internal.MethodInvocationHelper.invokeMethod(MethodInvocationHelper.java:134)
		org.testng.internal.MethodInvocationHelper.invokeMethodConsideringTimeout(MethodInvocationHelper.java:63)
		org.testng.internal.ConfigInvoker.invokeConfigurationMethod(ConfigInvoker.java:348)
		org.testng.internal.ConfigInvoker.invokeConfigurations(ConfigInvoker.java:302)
		org.testng.SuiteRunner.privateRun(SuiteRunner.java:351)
		org.testng.SuiteRunner.run(SuiteRunner.java:286)
		org.testng.SuiteRunnerWorker.runSuite(SuiteRunnerWorker.java:53)
		org.testng.SuiteRunnerWorker.run(SuiteRunnerWorker.java:96)
		org.testng.TestNG.runSuitesSequentially(TestNG.java:1187)
		org.testng.TestNG.runSuitesLocally(TestNG.java:1109)
		org.testng.TestNG.runSuites(TestNG.java:1039)
		org.testng.TestNG.run(TestNG.java:1007)
		org.apache.maven.surefire.testng.TestNGExecutor.run(TestNGExecutor.java:135)
		org.apache.maven.surefire.testng.TestNGDirectoryTestSuite.executeSingleClass(TestNGDirectoryTestSuite.java:112)
		org.apache.maven.surefire.testng.TestNGDirectoryTestSuite.execute(TestNGDirectoryTestSuite.java:99)
		org.apache.maven.surefire.testng.TestNGProvider.invoke(TestNGProvider.java:146)
		org.apache.maven.surefire.booter.ForkedBooter.invokeProviderInSameClassLoader(ForkedBooter.java:384)
		org.apache.maven.surefire.booter.ForkedBooter.runSuitesInProcess(ForkedBooter.java:345)
		org.apache.maven.surefire.booter.ForkedBooter.execute(ForkedBooter.java:126)
		org.apache.maven.surefire.booter.ForkedBooter.main(ForkedBooter.java:418)

java.lang.Exception: Error occured while generating Cucumber usage report
	at com.github.mkolisnyk.cucumber.reporting.CucumberUsageReporting.executeReport(CucumberUsageReporting.java:362)
	at com.github.mkolisnyk.cucumber.reporting.CucumberUsageReporting.execute(CucumberUsageReporting.java:402)
	at com.github.mkolisnyk.cucumber.reporting.CucumberUsageReporting.execute(CucumberUsageReporting.java:396)
	at com.gsd.sreenidhi.cheetah.reporting.html.HTMLReportingEngine.generateReport(HTMLReportingEngine.java:63)
	at connector.CucumberRunnerTest.processReports(CucumberRunnerTest.java:395)
	at connector.CucumberRunnerTest.tearDown(CucumberRunnerTest.java:204)
	at java.base/jdk.internal.reflect.NativeMethodAccessorImpl.invoke0(Native Method)
	at java.base/jdk.internal.reflect.NativeMethodAccessorImpl.invoke(NativeMethodAccessorImpl.java:64)
	at java.base/jdk.internal.reflect.DelegatingMethodAccessorImpl.invoke(DelegatingMethodAccessorImpl.java:43)
	at java.base/java.lang.reflect.Method.invoke(Method.java:564)
	at org.testng.internal.MethodInvocationHelper.invokeMethod(MethodInvocationHelper.java:134)
	at org.testng.internal.MethodInvocationHelper.invokeMethodConsideringTimeout(MethodInvocationHelper.java:63)
	at org.testng.internal.ConfigInvoker.invokeConfigurationMethod(ConfigInvoker.java:348)
	at org.testng.internal.ConfigInvoker.invokeConfigurations(ConfigInvoker.java:302)
	at org.testng.SuiteRunner.privateRun(SuiteRunner.java:351)
	at org.testng.SuiteRunner.run(SuiteRunner.java:286)
	at org.testng.SuiteRunnerWorker.runSuite(SuiteRunnerWorker.java:53)
	at org.testng.SuiteRunnerWorker.run(SuiteRunnerWorker.java:96)
	at org.testng.TestNG.runSuitesSequentially(TestNG.java:1187)
	at org.testng.TestNG.runSuitesLocally(TestNG.java:1109)
	at org.testng.TestNG.runSuites(TestNG.java:1039)
	at org.testng.TestNG.run(TestNG.java:1007)
	at org.apache.maven.surefire.testng.TestNGExecutor.run(TestNGExecutor.java:135)
	at org.apache.maven.surefire.testng.TestNGDirectoryTestSuite.executeSingleClass(TestNGDirectoryTestSuite.java:112)
	at org.apache.maven.surefire.testng.TestNGDirectoryTestSuite.execute(TestNGDirectoryTestSuite.java:99)
	at org.apache.maven.surefire.testng.TestNGProvider.invoke(TestNGProvider.java:146)
	at org.apache.maven.surefire.booter.ForkedBooter.invokeProviderInSameClassLoader(ForkedBooter.java:384)
	at org.apache.maven.surefire.booter.ForkedBooter.runSuitesInProcess(ForkedBooter.java:345)
	at org.apache.maven.surefire.booter.ForkedBooter.execute(ForkedBooter.java:126)
	at org.apache.maven.surefire.booter.ForkedBooter.main(ForkedBooter.java:418)
Caused by: com.cedarsoftware.util.io.JsonIoException: EOF reached prematurely
line: 1, col: 1

	at com.cedarsoftware.util.io.JsonParser.error(JsonParser.java:525)
	at com.cedarsoftware.util.io.JsonParser.readValue(JsonParser.java:275)
	at com.cedarsoftware.util.io.JsonReader.readObject(JsonReader.java:674)
	at com.github.mkolisnyk.cucumber.reporting.CucumberUsageReporting.getStepSources(CucumberUsageReporting.java:269)
	at com.github.mkolisnyk.cucumber.reporting.CucumberUsageReporting.executeReport(CucumberUsageReporting.java:302)
	... 29 more
2021-01-28 18:16:48,765 - APP - INFO - HTMLReportingEngine:Usage Report Completed
2021-01-28 18:16:48,892 - APP - ERROR - Exception: EOF reached prematurely
line: 1, col: 1

Original Exception: 
		com.cedarsoftware.util.io.JsonParser.error(JsonParser.java:525)
		com.cedarsoftware.util.io.JsonParser.readValue(JsonParser.java:275)
		com.cedarsoftware.util.io.JsonReader.readObject(JsonReader.java:674)
		com.github.mkolisnyk.cucumber.reporting.interfaces.CucumberResultsCommon.readFileContent(CucumberResultsCommon.java:169)
		com.github.mkolisnyk.cucumber.reporting.interfaces.AggregatedReport.readFileContent(AggregatedReport.java:39)
		com.github.mkolisnyk.cucumber.reporting.interfaces.AggregatedReport.readFileContent(AggregatedReport.java:51)
		com.github.mkolisnyk.cucumber.reporting.interfaces.AggregatedReport.readFileContent(AggregatedReport.java:45)
		com.github.mkolisnyk.cucumber.reporting.CucumberResultsOverview.executeOverviewReport(CucumberResultsOverview.java:136)
		com.github.mkolisnyk.cucumber.reporting.CucumberResultsOverview.executeOverviewReport(CucumberResultsOverview.java:71)
		com.github.mkolisnyk.cucumber.reporting.CucumberResultsOverview.execute(CucumberResultsOverview.java:173)
		com.github.mkolisnyk.cucumber.reporting.interfaces.AggregatedReport.execute(AggregatedReport.java:21)
		com.gsd.sreenidhi.cheetah.reporting.html.HTMLReportingEngine.generateReport(HTMLReportingEngine.java:94)
		connector.CucumberRunnerTest.processReports(CucumberRunnerTest.java:395)
		connector.CucumberRunnerTest.tearDown(CucumberRunnerTest.java:204)
		java.base/jdk.internal.reflect.NativeMethodAccessorImpl.invoke0(Native Method)
		java.base/jdk.internal.reflect.NativeMethodAccessorImpl.invoke(NativeMethodAccessorImpl.java:64)
		java.base/jdk.internal.reflect.DelegatingMethodAccessorImpl.invoke(DelegatingMethodAccessorImpl.java:43)
		java.base/java.lang.reflect.Method.invoke(Method.java:564)
		org.testng.internal.MethodInvocationHelper.invokeMethod(MethodInvocationHelper.java:134)
		org.testng.internal.MethodInvocationHelper.invokeMethodConsideringTimeout(MethodInvocationHelper.java:63)
		org.testng.internal.ConfigInvoker.invokeConfigurationMethod(ConfigInvoker.java:348)
		org.testng.internal.ConfigInvoker.invokeConfigurations(ConfigInvoker.java:302)
		org.testng.SuiteRunner.privateRun(SuiteRunner.java:351)
		org.testng.SuiteRunner.run(SuiteRunner.java:286)
		org.testng.SuiteRunnerWorker.runSuite(SuiteRunnerWorker.java:53)
		org.testng.SuiteRunnerWorker.run(SuiteRunnerWorker.java:96)
		org.testng.TestNG.runSuitesSequentially(TestNG.java:1187)
		org.testng.TestNG.runSuitesLocally(TestNG.java:1109)
		org.testng.TestNG.runSuites(TestNG.java:1039)
		org.testng.TestNG.run(TestNG.java:1007)
		org.apache.maven.surefire.testng.TestNGExecutor.run(TestNGExecutor.java:135)
		org.apache.maven.surefire.testng.TestNGDirectoryTestSuite.executeSingleClass(TestNGDirectoryTestSuite.java:112)
		org.apache.maven.surefire.testng.TestNGDirectoryTestSuite.execute(TestNGDirectoryTestSuite.java:99)
		org.apache.maven.surefire.testng.TestNGProvider.invoke(TestNGProvider.java:146)
		org.apache.maven.surefire.booter.ForkedBooter.invokeProviderInSameClassLoader(ForkedBooter.java:384)
		org.apache.maven.surefire.booter.ForkedBooter.runSuitesInProcess(ForkedBooter.java:345)
		org.apache.maven.surefire.booter.ForkedBooter.execute(ForkedBooter.java:126)
		org.apache.maven.surefire.booter.ForkedBooter.main(ForkedBooter.java:418)

2021-01-28 18:16:48,903 - APP - ERROR - HTMLReportingEngine:Exception: EOF reached prematurely
line: 1, col: 1

Original Exception: 
		com.cedarsoftware.util.io.JsonParser.error(JsonParser.java:525)
		com.cedarsoftware.util.io.JsonParser.readValue(JsonParser.java:275)
		com.cedarsoftware.util.io.JsonReader.readObject(JsonReader.java:674)
		com.github.mkolisnyk.cucumber.reporting.interfaces.CucumberResultsCommon.readFileContent(CucumberResultsCommon.java:169)
		com.github.mkolisnyk.cucumber.reporting.interfaces.AggregatedReport.readFileContent(AggregatedReport.java:39)
		com.github.mkolisnyk.cucumber.reporting.interfaces.AggregatedReport.readFileContent(AggregatedReport.java:51)
		com.github.mkolisnyk.cucumber.reporting.interfaces.AggregatedReport.readFileContent(AggregatedReport.java:45)
		com.github.mkolisnyk.cucumber.reporting.CucumberResultsOverview.executeOverviewReport(CucumberResultsOverview.java:136)
		com.github.mkolisnyk.cucumber.reporting.CucumberResultsOverview.executeOverviewReport(CucumberResultsOverview.java:71)
		com.github.mkolisnyk.cucumber.reporting.CucumberResultsOverview.execute(CucumberResultsOverview.java:173)
		com.github.mkolisnyk.cucumber.reporting.interfaces.AggregatedReport.execute(AggregatedReport.java:21)
		com.gsd.sreenidhi.cheetah.reporting.html.HTMLReportingEngine.generateReport(HTMLReportingEngine.java:94)
		connector.CucumberRunnerTest.processReports(CucumberRunnerTest.java:395)
		connector.CucumberRunnerTest.tearDown(CucumberRunnerTest.java:204)
		java.base/jdk.internal.reflect.NativeMethodAccessorImpl.invoke0(Native Method)
		java.base/jdk.internal.reflect.NativeMethodAccessorImpl.invoke(NativeMethodAccessorImpl.java:64)
		java.base/jdk.internal.reflect.DelegatingMethodAccessorImpl.invoke(DelegatingMethodAccessorImpl.java:43)
		java.base/java.lang.reflect.Method.invoke(Method.java:564)
		org.testng.internal.MethodInvocationHelper.invokeMethod(MethodInvocationHelper.java:134)
		org.testng.internal.MethodInvocationHelper.invokeMethodConsideringTimeout(MethodInvocationHelper.java:63)
		org.testng.internal.ConfigInvoker.invokeConfigurationMethod(ConfigInvoker.java:348)
		org.testng.internal.ConfigInvoker.invokeConfigurations(ConfigInvoker.java:302)
		org.testng.SuiteRunner.privateRun(SuiteRunner.java:351)
		org.testng.SuiteRunner.run(SuiteRunner.java:286)
		org.testng.SuiteRunnerWorker.runSuite(SuiteRunnerWorker.java:53)
		org.testng.SuiteRunnerWorker.run(SuiteRunnerWorker.java:96)
		org.testng.TestNG.runSuitesSequentially(TestNG.java:1187)
		org.testng.TestNG.runSuitesLocally(TestNG.java:1109)
		org.testng.TestNG.runSuites(TestNG.java:1039)
		org.testng.TestNG.run(TestNG.java:1007)
		org.apache.maven.surefire.testng.TestNGExecutor.run(TestNGExecutor.java:135)
		org.apache.maven.surefire.testng.TestNGDirectoryTestSuite.executeSingleClass(TestNGDirectoryTestSuite.java:112)
		org.apache.maven.surefire.testng.TestNGDirectoryTestSuite.execute(TestNGDirectoryTestSuite.java:99)
		org.apache.maven.surefire.testng.TestNGProvider.invoke(TestNGProvider.java:146)
		org.apache.maven.surefire.booter.ForkedBooter.invokeProviderInSameClassLoader(ForkedBooter.java:384)
		org.apache.maven.surefire.booter.ForkedBooter.runSuitesInProcess(ForkedBooter.java:345)
		org.apache.maven.surefire.booter.ForkedBooter.execute(ForkedBooter.java:126)
		org.apache.maven.surefire.booter.ForkedBooter.main(ForkedBooter.java:418)

com.cedarsoftware.util.io.JsonIoException: EOF reached prematurely
line: 1, col: 1

	at com.cedarsoftware.util.io.JsonParser.error(JsonParser.java:525)
	at com.cedarsoftware.util.io.JsonParser.readValue(JsonParser.java:275)
	at com.cedarsoftware.util.io.JsonReader.readObject(JsonReader.java:674)
	at com.github.mkolisnyk.cucumber.reporting.interfaces.CucumberResultsCommon.readFileContent(CucumberResultsCommon.java:169)
	at com.github.mkolisnyk.cucumber.reporting.interfaces.AggregatedReport.readFileContent(AggregatedReport.java:39)
	at com.github.mkolisnyk.cucumber.reporting.interfaces.AggregatedReport.readFileContent(AggregatedReport.java:51)
	at com.github.mkolisnyk.cucumber.reporting.interfaces.AggregatedReport.readFileContent(AggregatedReport.java:45)
	at com.github.mkolisnyk.cucumber.reporting.CucumberResultsOverview.executeOverviewReport(CucumberResultsOverview.java:136)
	at com.github.mkolisnyk.cucumber.reporting.CucumberResultsOverview.executeOverviewReport(CucumberResultsOverview.java:71)
	at com.github.mkolisnyk.cucumber.reporting.CucumberResultsOverview.execute(CucumberResultsOverview.java:173)
	at com.github.mkolisnyk.cucumber.reporting.interfaces.AggregatedReport.execute(AggregatedReport.java:21)
	at com.gsd.sreenidhi.cheetah.reporting.html.HTMLReportingEngine.generateReport(HTMLReportingEngine.java:94)
	at connector.CucumberRunnerTest.processReports(CucumberRunnerTest.java:395)
	at connector.CucumberRunnerTest.tearDown(CucumberRunnerTest.java:204)
	at java.base/jdk.internal.reflect.NativeMethodAccessorImpl.invoke0(Native Method)
	at java.base/jdk.internal.reflect.NativeMethodAccessorImpl.invoke(NativeMethodAccessorImpl.java:64)
	at java.base/jdk.internal.reflect.DelegatingMethodAccessorImpl.invoke(DelegatingMethodAccessorImpl.java:43)
	at java.base/java.lang.reflect.Method.invoke(Method.java:564)
	at org.testng.internal.MethodInvocationHelper.invokeMethod(MethodInvocationHelper.java:134)
	at org.testng.internal.MethodInvocationHelper.invokeMethodConsideringTimeout(MethodInvocationHelper.java:63)
	at org.testng.internal.ConfigInvoker.invokeConfigurationMethod(ConfigInvoker.java:348)
	at org.testng.internal.ConfigInvoker.invokeConfigurations(ConfigInvoker.java:302)
	at org.testng.SuiteRunner.privateRun(SuiteRunner.java:351)
	at org.testng.SuiteRunner.run(SuiteRunner.java:286)
	at org.testng.SuiteRunnerWorker.runSuite(SuiteRunnerWorker.java:53)
	at org.testng.SuiteRunnerWorker.run(SuiteRunnerWorker.java:96)
	at org.testng.TestNG.runSuitesSequentially(TestNG.java:1187)
	at org.testng.TestNG.runSuitesLocally(TestNG.java:1109)
	at org.testng.TestNG.runSuites(TestNG.java:1039)
	at org.testng.TestNG.run(TestNG.java:1007)
	at org.apache.maven.surefire.testng.TestNGExecutor.run(TestNGExecutor.java:135)
	at org.apache.maven.surefire.testng.TestNGDirectoryTestSuite.executeSingleClass(TestNGDirectoryTestSuite.java:112)
	at org.apache.maven.surefire.testng.TestNGDirectoryTestSuite.execute(TestNGDirectoryTestSuite.java:99)
	at org.apache.maven.surefire.testng.TestNGProvider.invoke(TestNGProvider.java:146)
	at org.apache.maven.surefire.booter.ForkedBooter.invokeProviderInSameClassLoader(ForkedBooter.java:384)
	at org.apache.maven.surefire.booter.ForkedBooter.runSuitesInProcess(ForkedBooter.java:345)
	at org.apache.maven.surefire.booter.ForkedBooter.execute(ForkedBooter.java:126)
	at org.apache.maven.surefire.booter.ForkedBooter.main(ForkedBooter.java:418)
2021-01-28 18:16:48,920 - APP - INFO - HTMLReportingEngine:Overview Report Completed
2021-01-28 18:16:49,499 - APP - INFO - HTMLReportingEngine:Consolidated Report Completed
2021-01-28 18:16:49,499 - APP - INFO - connector.CucumberRunnerTest:Close Driver Attempt
2021-01-28 18:16:49,499 - APP - INFO - CheetahEngine:***** Cheetah Supports Video Capture split by test case... ***** 
2021-01-28 18:16:49,499 - APP - INFO - CheetahEngine:***** Validating user settings for Split video ***** 
2021-01-28 18:16:49,499 - APP - INFO - CheetahEngine:***** Video Capture will be split by test case... ***** 
2021-01-28 18:16:49,499 - APP - INFO - CucumberRunnerTest:Suite Stop
2021-01-28 18:16:49,500 - APP - INFO - CheetahEngine:***** Cheetah Supports Video Capture split by test case... ***** 
2021-01-28 18:16:49,500 - APP - INFO - CheetahEngine:***** Validating user settings for Split video ***** 
2021-01-28 18:16:49,501 - APP - INFO - CheetahEngine:***** Video Capture will be split by test case... ***** 
2021-01-28 18:16:49,503 - APP - INFO - ZipUtils:---Getting references to all files in: /Users/apple/Desktop/git/Playground/C:/sreenidhi/logs/Reports/VIDEO/sampleStructure/f6f8e974-54f9-4560-86b5-ca438a6f76ba
2021-01-28 18:16:49,503 - APP - INFO - ZipUtils:There are no files to archive.
2021-01-28 18:16:49,503 - APP - INFO - ZipUtils:---Creating zip file
2021-01-28 18:16:49,518 - APP - FATAL - CheetahException:IOException====>Cause: Unknown Cause
 C:/sreenidhi/logs/Reports/VIDEO/sampleStructure/f6f8e974-54f9-4560-86b5-ca438a6f76ba.zip (No such file or directory)
Original Exception: 
		java.base/java.io.FileOutputStream.open0(Native Method)
		java.base/java.io.FileOutputStream.open(FileOutputStream.java:291)
		java.base/java.io.FileOutputStream.<init>(FileOutputStream.java:234)
		java.base/java.io.FileOutputStream.<init>(FileOutputStream.java:123)
		com.gsd.sreenidhi.utils.ZipUtils.writeZipFile(ZipUtils.java:123)
		com.gsd.sreenidhi.utils.ZipUtils.archiveDirectory(ZipUtils.java:75)
		connector.CucumberRunnerTest.prepareVideoReport(CucumberRunnerTest.java:292)
		connector.CucumberRunnerTest.tearDown(CucumberRunnerTest.java:251)
		java.base/jdk.internal.reflect.NativeMethodAccessorImpl.invoke0(Native Method)
		java.base/jdk.internal.reflect.NativeMethodAccessorImpl.invoke(NativeMethodAccessorImpl.java:64)
		java.base/jdk.internal.reflect.DelegatingMethodAccessorImpl.invoke(DelegatingMethodAccessorImpl.java:43)
		java.base/java.lang.reflect.Method.invoke(Method.java:564)
		org.testng.internal.MethodInvocationHelper.invokeMethod(MethodInvocationHelper.java:134)
		org.testng.internal.MethodInvocationHelper.invokeMethodConsideringTimeout(MethodInvocationHelper.java:63)
		org.testng.internal.ConfigInvoker.invokeConfigurationMethod(ConfigInvoker.java:348)
		org.testng.internal.ConfigInvoker.invokeConfigurations(ConfigInvoker.java:302)
		org.testng.SuiteRunner.privateRun(SuiteRunner.java:351)
		org.testng.SuiteRunner.run(SuiteRunner.java:286)
		org.testng.SuiteRunnerWorker.runSuite(SuiteRunnerWorker.java:53)
		org.testng.SuiteRunnerWorker.run(SuiteRunnerWorker.java:96)
		org.testng.TestNG.runSuitesSequentially(TestNG.java:1187)
		org.testng.TestNG.runSuitesLocally(TestNG.java:1109)
		org.testng.TestNG.runSuites(TestNG.java:1039)
		org.testng.TestNG.run(TestNG.java:1007)
		org.apache.maven.surefire.testng.TestNGExecutor.run(TestNGExecutor.java:135)
		org.apache.maven.surefire.testng.TestNGDirectoryTestSuite.executeSingleClass(TestNGDirectoryTestSuite.java:112)
		org.apache.maven.surefire.testng.TestNGDirectoryTestSuite.execute(TestNGDirectoryTestSuite.java:99)
		org.apache.maven.surefire.testng.TestNGProvider.invoke(TestNGProvider.java:146)
		org.apache.maven.surefire.booter.ForkedBooter.invokeProviderInSameClassLoader(ForkedBooter.java:384)
		org.apache.maven.surefire.booter.ForkedBooter.runSuitesInProcess(ForkedBooter.java:345)
		org.apache.maven.surefire.booter.ForkedBooter.execute(ForkedBooter.java:126)
		org.apache.maven.surefire.booter.ForkedBooter.main(ForkedBooter.java:418)

